Analysis & Synthesis report for VGA
Mon Nov 12 12:47:08 2018
Quartus Prime Version 17.1.0 Build 590 10/25/2017 SJ Lite Edition


---------------------
; Table of Contents ;
---------------------
  1. Legal Notice
  2. Analysis & Synthesis Summary
  3. Analysis & Synthesis Settings
  4. Parallel Compilation
  5. Analysis & Synthesis Source Files Read
  6. Analysis & Synthesis Resource Usage Summary
  7. Analysis & Synthesis Resource Utilization by Entity
  8. Registers Removed During Synthesis
  9. Removed Registers Triggering Further Register Optimizations
 10. General Register Statistics
 11. Inverted Register Statistics
 12. Multiplexer Restructuring Statistics (Restructuring Performed)
 13. Post-Synthesis Netlist Statistics for Top Partition
 14. Elapsed Time Per Partition
 15. Analysis & Synthesis Messages



----------------
; Legal Notice ;
----------------
Copyright (C) 2017  Intel Corporation. All rights reserved.
Your use of Intel Corporation's design tools, logic functions 
and other software and tools, and its AMPP partner logic 
functions, and any output files from any of the foregoing 
(including device programming or simulation files), and any 
associated documentation or information are expressly subject 
to the terms and conditions of the Intel Program License 
Subscription Agreement, the Intel Quartus Prime License Agreement,
the Intel FPGA IP License Agreement, or other applicable license
agreement, including, without limitation, that your use is for
the sole purpose of programming logic devices manufactured by
Intel and sold by Intel or its authorized distributors.  Please
refer to the applicable agreement for further details.



+----------------------------------------------------------------------------------+
; Analysis & Synthesis Summary                                                     ;
+------------------------------------+---------------------------------------------+
; Analysis & Synthesis Status        ; Successful - Mon Nov 12 12:47:08 2018       ;
; Quartus Prime Version              ; 17.1.0 Build 590 10/25/2017 SJ Lite Edition ;
; Revision Name                      ; VGA                                         ;
; Top-level Entity Name              ; VGA                                         ;
; Family                             ; MAX 10                                      ;
; Total logic elements               ; 2,199                                       ;
;     Total combinational functions  ; 2,199                                       ;
;     Dedicated logic registers      ; 162                                         ;
; Total registers                    ; 162                                         ;
; Total pins                         ; 20                                          ;
; Total virtual pins                 ; 0                                           ;
; Total memory bits                  ; 0                                           ;
; Embedded Multiplier 9-bit elements ; 0                                           ;
; Total PLLs                         ; 0                                           ;
; UFM blocks                         ; 0                                           ;
; ADC blocks                         ; 0                                           ;
+------------------------------------+---------------------------------------------+


+----------------------------------------------------------------------------------------------------------------------+
; Analysis & Synthesis Settings                                                                                        ;
+----------------------------------------------------------------------------+--------------------+--------------------+
; Option                                                                     ; Setting            ; Default Value      ;
+----------------------------------------------------------------------------+--------------------+--------------------+
; Device                                                                     ; 10M50DAF484C7G     ;                    ;
; Top-level entity name                                                      ; VGA                ; VGA                ;
; Family name                                                                ; MAX 10             ; Cyclone V          ;
; Use smart compilation                                                      ; Off                ; Off                ;
; Enable parallel Assembler and TimeQuest Timing Analyzer during compilation ; On                 ; On                 ;
; Enable compact report table                                                ; Off                ; Off                ;
; Restructure Multiplexers                                                   ; Auto               ; Auto               ;
; Create Debugging Nodes for IP Cores                                        ; Off                ; Off                ;
; Preserve fewer node names                                                  ; On                 ; On                 ;
; Intel FPGA IP Evaluation Mode                                              ; Enable             ; Enable             ;
; Verilog Version                                                            ; Verilog_2001       ; Verilog_2001       ;
; VHDL Version                                                               ; VHDL_1993          ; VHDL_1993          ;
; State Machine Processing                                                   ; Auto               ; Auto               ;
; Safe State Machine                                                         ; Off                ; Off                ;
; Extract Verilog State Machines                                             ; On                 ; On                 ;
; Extract VHDL State Machines                                                ; On                 ; On                 ;
; Ignore Verilog initial constructs                                          ; Off                ; Off                ;
; Iteration limit for constant Verilog loops                                 ; 5000               ; 5000               ;
; Iteration limit for non-constant Verilog loops                             ; 250                ; 250                ;
; Add Pass-Through Logic to Inferred RAMs                                    ; On                 ; On                 ;
; Infer RAMs from Raw Logic                                                  ; On                 ; On                 ;
; Parallel Synthesis                                                         ; On                 ; On                 ;
; DSP Block Balancing                                                        ; Auto               ; Auto               ;
; NOT Gate Push-Back                                                         ; On                 ; On                 ;
; Power-Up Don't Care                                                        ; On                 ; On                 ;
; Remove Redundant Logic Cells                                               ; Off                ; Off                ;
; Remove Duplicate Registers                                                 ; On                 ; On                 ;
; Ignore CARRY Buffers                                                       ; Off                ; Off                ;
; Ignore CASCADE Buffers                                                     ; Off                ; Off                ;
; Ignore GLOBAL Buffers                                                      ; Off                ; Off                ;
; Ignore ROW GLOBAL Buffers                                                  ; Off                ; Off                ;
; Ignore LCELL Buffers                                                       ; Off                ; Off                ;
; Ignore SOFT Buffers                                                        ; On                 ; On                 ;
; Limit AHDL Integers to 32 Bits                                             ; Off                ; Off                ;
; Optimization Technique                                                     ; Balanced           ; Balanced           ;
; Carry Chain Length                                                         ; 70                 ; 70                 ;
; Auto Carry Chains                                                          ; On                 ; On                 ;
; Auto Open-Drain Pins                                                       ; On                 ; On                 ;
; Perform WYSIWYG Primitive Resynthesis                                      ; Off                ; Off                ;
; Auto ROM Replacement                                                       ; On                 ; On                 ;
; Auto RAM Replacement                                                       ; On                 ; On                 ;
; Auto DSP Block Replacement                                                 ; On                 ; On                 ;
; Auto Shift Register Replacement                                            ; Auto               ; Auto               ;
; Allow Shift Register Merging across Hierarchies                            ; Auto               ; Auto               ;
; Auto Clock Enable Replacement                                              ; On                 ; On                 ;
; Strict RAM Replacement                                                     ; Off                ; Off                ;
; Allow Synchronous Control Signals                                          ; On                 ; On                 ;
; Force Use of Synchronous Clear Signals                                     ; Off                ; Off                ;
; Auto RAM Block Balancing                                                   ; On                 ; On                 ;
; Auto RAM to Logic Cell Conversion                                          ; Off                ; Off                ;
; Auto Resource Sharing                                                      ; Off                ; Off                ;
; Allow Any RAM Size For Recognition                                         ; Off                ; Off                ;
; Allow Any ROM Size For Recognition                                         ; Off                ; Off                ;
; Allow Any Shift Register Size For Recognition                              ; Off                ; Off                ;
; Use LogicLock Constraints during Resource Balancing                        ; On                 ; On                 ;
; Ignore translate_off and synthesis_off directives                          ; Off                ; Off                ;
; Timing-Driven Synthesis                                                    ; On                 ; On                 ;
; Report Parameter Settings                                                  ; On                 ; On                 ;
; Report Source Assignments                                                  ; On                 ; On                 ;
; Report Connectivity Checks                                                 ; On                 ; On                 ;
; Ignore Maximum Fan-Out Assignments                                         ; Off                ; Off                ;
; Synchronization Register Chain Length                                      ; 2                  ; 2                  ;
; Power Optimization During Synthesis                                        ; Normal compilation ; Normal compilation ;
; HDL message level                                                          ; Level2             ; Level2             ;
; Suppress Register Optimization Related Messages                            ; Off                ; Off                ;
; Number of Removed Registers Reported in Synthesis Report                   ; 5000               ; 5000               ;
; Number of Swept Nodes Reported in Synthesis Report                         ; 5000               ; 5000               ;
; Number of Inverted Registers Reported in Synthesis Report                  ; 100                ; 100                ;
; Clock MUX Protection                                                       ; On                 ; On                 ;
; Auto Gated Clock Conversion                                                ; Off                ; Off                ;
; Block Design Naming                                                        ; Auto               ; Auto               ;
; SDC constraint protection                                                  ; Off                ; Off                ;
; Synthesis Effort                                                           ; Auto               ; Auto               ;
; Shift Register Replacement - Allow Asynchronous Clear Signal               ; On                 ; On                 ;
; Pre-Mapping Resynthesis Optimization                                       ; Off                ; Off                ;
; Analysis & Synthesis Message Level                                         ; Medium             ; Medium             ;
; Disable Register Merging Across Hierarchies                                ; Auto               ; Auto               ;
; Resource Aware Inference For Block RAM                                     ; On                 ; On                 ;
+----------------------------------------------------------------------------+--------------------+--------------------+


+------------------------------------------+
; Parallel Compilation                     ;
+----------------------------+-------------+
; Processors                 ; Number      ;
+----------------------------+-------------+
; Number detected on machine ; 4           ;
; Maximum allowed            ; 2           ;
;                            ;             ;
; Average used               ; 1.00        ;
; Maximum used               ; 2           ;
;                            ;             ;
; Usage by Processor         ; % Time Used ;
;     Processor 1            ; 100.0%      ;
;     Processor 2            ;   0.1%      ;
+----------------------------+-------------+


+---------------------------------------------------------------------------------------------------------------------------------------------------------------------------------------------------------------+
; Analysis & Synthesis Source Files Read                                                                                                                                                                        ;
+----------------------------------+-----------------+------------------------------------+-----------------------------------------------------------------------------------------------------------+---------+
; File Name with User-Entered Path ; Used in Netlist ; File Type                          ; File Name with Absolute Path                                                                              ; Library ;
+----------------------------------+-----------------+------------------------------------+-----------------------------------------------------------------------------------------------------------+---------+
; Sincronizador.vhd                ; yes             ; User VHDL File                     ; C:/Users/gomri/Documents/UNAM/SéptimoSemestre/DiseñoDigitalVLSI/Juego/VHDL-GameProject/Sincronizador.vhd  ;         ;
; GeneradorVideo.vhd               ; yes             ; User VHDL File                     ; C:/Users/gomri/Documents/UNAM/SéptimoSemestre/DiseñoDigitalVLSI/Juego/VHDL-GameProject/GeneradorVideo.vhd ;         ;
; VGA.bdf                          ; yes             ; User Block Diagram/Schematic File  ; C:/Users/gomri/Documents/UNAM/SéptimoSemestre/DiseñoDigitalVLSI/Juego/VHDL-GameProject/VGA.bdf            ;         ;
; Control.vhd                      ; yes             ; User VHDL File                     ; C:/Users/gomri/Documents/UNAM/SéptimoSemestre/DiseñoDigitalVLSI/Juego/VHDL-GameProject/Control.vhd        ;         ;
+----------------------------------+-----------------+------------------------------------+-----------------------------------------------------------------------------------------------------------+---------+


+---------------------------------------------------------------------------+
; Analysis & Synthesis Resource Usage Summary                               ;
+---------------------------------------------+-----------------------------+
; Resource                                    ; Usage                       ;
+---------------------------------------------+-----------------------------+
; Estimated Total logic elements              ; 2,199                       ;
;                                             ;                             ;
; Total combinational functions               ; 2199                        ;
; Logic element usage by number of LUT inputs ;                             ;
;     -- 4 input functions                    ; 1599                        ;
;     -- 3 input functions                    ; 275                         ;
;     -- <=2 input functions                  ; 325                         ;
;                                             ;                             ;
; Logic elements by mode                      ;                             ;
;     -- normal mode                          ; 1835                        ;
;     -- arithmetic mode                      ; 364                         ;
;                                             ;                             ;
; Total registers                             ; 162                         ;
;     -- Dedicated logic registers            ; 162                         ;
;     -- I/O registers                        ; 0                           ;
;                                             ;                             ;
; I/O pins                                    ; 20                          ;
;                                             ;                             ;
; Embedded Multiplier 9-bit elements          ; 0                           ;
;                                             ;                             ;
; Maximum fan-out node                        ; Sincronizador:inst2|hPos[1] ;
; Maximum fan-out                             ; 664                         ;
; Total fan-out                               ; 8373                        ;
; Average fan-out                             ; 3.49                        ;
+---------------------------------------------+-----------------------------+


+--------------------------------------------------------------------------------------------------------------------------------------------------------------------------------------------------------------------------------------------+
; Analysis & Synthesis Resource Utilization by Entity                                                                                                                                                                                        ;
+----------------------------+---------------------+---------------------------+-------------+------------+--------------+---------+-----------+------+--------------+------------+--------------------------+----------------+--------------+
; Compilation Hierarchy Node ; Combinational ALUTs ; Dedicated Logic Registers ; Memory Bits ; UFM Blocks ; DSP Elements ; DSP 9x9 ; DSP 18x18 ; Pins ; Virtual Pins ; ADC blocks ; Full Hierarchy Name      ; Entity Name    ; Library Name ;
+----------------------------+---------------------+---------------------------+-------------+------------+--------------+---------+-----------+------+--------------+------------+--------------------------+----------------+--------------+
; |VGA                       ; 2199 (0)            ; 162 (0)                   ; 0           ; 0          ; 0            ; 0       ; 0         ; 20   ; 0            ; 0          ; |VGA                     ; VGA            ; work         ;
;    |Control:inst3|         ; 255 (255)           ; 82 (82)                   ; 0           ; 0          ; 0            ; 0       ; 0         ; 0    ; 0            ; 0          ; |VGA|Control:inst3       ; Control        ; work         ;
;    |GeneradorVideo:inst|   ; 1840 (1840)         ; 12 (12)                   ; 0           ; 0          ; 0            ; 0       ; 0         ; 0    ; 0            ; 0          ; |VGA|GeneradorVideo:inst ; GeneradorVideo ; work         ;
;    |Sincronizador:inst2|   ; 104 (104)           ; 68 (68)                   ; 0           ; 0          ; 0            ; 0       ; 0         ; 0    ; 0            ; 0          ; |VGA|Sincronizador:inst2 ; Sincronizador  ; work         ;
+----------------------------+---------------------+---------------------------+-------------+------------+--------------+---------+-----------+------+--------------+------------+--------------------------+----------------+--------------+
Note: For table entries with two numbers listed, the numbers in parentheses indicate the number of resources of the given type used by the specific entity alone. The numbers listed outside of parentheses indicate the total resources of the given type used by the specific entity and all of its sub-entities in the hierarchy.


+--------------------------------------------------------------------------------+
; Registers Removed During Synthesis                                             ;
+---------------------------------------+----------------------------------------+
; Register name                         ; Reason for Removal                     ;
+---------------------------------------+----------------------------------------+
; Control:inst3|pos_y[3]                ; Merged with Control:inst3|pos_y[0]     ;
; Control:inst3|pos_y[2]                ; Merged with Control:inst3|pos_y[1]     ;
; Control:inst3|pos_x[1]                ; Stuck at GND due to stuck port data_in ;
; Control:inst3|pos_y[1]                ; Stuck at GND due to stuck port data_in ;
; Control:inst3|pos_x[0]                ; Stuck at VCC due to stuck port data_in ;
; Control:inst3|pos_y[0]                ; Stuck at VCC due to stuck port data_in ;
; Total Number of Removed Registers = 6 ;                                        ;
+---------------------------------------+----------------------------------------+


+---------------------------------------------------------------------------------------------+
; Removed Registers Triggering Further Register Optimizations                                 ;
+------------------------+---------------------------+----------------------------------------+
; Register name          ; Reason for Removal        ; Registers Removed due to This Register ;
+------------------------+---------------------------+----------------------------------------+
; Control:inst3|pos_y[1] ; Stuck at GND              ; Control:inst3|pos_y[0]                 ;
;                        ; due to stuck port data_in ;                                        ;
+------------------------+---------------------------+----------------------------------------+


+------------------------------------------------------+
; General Register Statistics                          ;
+----------------------------------------------+-------+
; Statistic                                    ; Value ;
+----------------------------------------------+-------+
; Total registers                              ; 162   ;
; Number of registers using Synchronous Clear  ; 31    ;
; Number of registers using Synchronous Load   ; 8     ;
; Number of registers using Asynchronous Clear ; 67    ;
; Number of registers using Asynchronous Load  ; 0     ;
; Number of registers using Clock Enable       ; 40    ;
; Number of registers using Preset             ; 0     ;
+----------------------------------------------+-------+


+--------------------------------------------------+
; Inverted Register Statistics                     ;
+----------------------------------------+---------+
; Inverted Register                      ; Fan out ;
+----------------------------------------+---------+
; Control:inst3|pos_x[3]                 ; 4       ;
; Control:inst3|pos_y[8]                 ; 9       ;
; Control:inst3|pos_y[6]                 ; 7       ;
; Total number of inverted registers = 3 ;         ;
+----------------------------------------+---------+


+-----------------------------------------------------------------------------------------------------------------------------------------------+
; Multiplexer Restructuring Statistics (Restructuring Performed)                                                                                ;
+--------------------+-----------+---------------+----------------------+------------------------+------------+---------------------------------+
; Multiplexer Inputs ; Bus Width ; Baseline Area ; Area if Restructured ; Saving if Restructured ; Registered ; Example Multiplexer Output      ;
+--------------------+-----------+---------------+----------------------+------------------------+------------+---------------------------------+
; 5:1                ; 28 bits   ; 84 LEs        ; 56 LEs               ; 28 LEs                 ; Yes        ; |VGA|Control:inst3|pos_x[31]    ;
; 6:1                ; 26 bits   ; 104 LEs       ; 52 LEs               ; 52 LEs                 ; Yes        ; |VGA|Control:inst3|pos_y[23]    ;
; 3:1                ; 2 bits    ; 4 LEs         ; 2 LEs                ; 2 LEs                  ; Yes        ; |VGA|Control:inst3|pos_x[0]     ;
; 6:1                ; 2 bits    ; 8 LEs         ; 4 LEs                ; 4 LEs                  ; Yes        ; |VGA|Control:inst3|pos_y[6]     ;
; 61:1               ; 7 bits    ; 280 LEs       ; 182 LEs              ; 98 LEs                 ; No         ; |VGA|GeneradorVideo:inst|Mux360 ;
; 61:1               ; 8 bits    ; 320 LEs       ; 184 LEs              ; 136 LEs                ; No         ; |VGA|GeneradorVideo:inst|Mux360 ;
; 62:1               ; 2 bits    ; 82 LEs        ; 34 LEs               ; 48 LEs                 ; No         ; |VGA|GeneradorVideo:inst|Mux360 ;
; 62:1               ; 2 bits    ; 82 LEs        ; 48 LEs               ; 34 LEs                 ; No         ; |VGA|GeneradorVideo:inst|Mux360 ;
; 63:1               ; 2 bits    ; 84 LEs        ; 66 LEs               ; 18 LEs                 ; No         ; |VGA|GeneradorVideo:inst|Mux360 ;
+--------------------+-----------+---------------+----------------------+------------------------+------------+---------------------------------+


+-----------------------------------------------------+
; Post-Synthesis Netlist Statistics for Top Partition ;
+-----------------------+-----------------------------+
; Type                  ; Count                       ;
+-----------------------+-----------------------------+
; boundary_port         ; 20                          ;
; cycloneiii_ff         ; 162                         ;
;     CLR               ; 35                          ;
;     ENA               ; 8                           ;
;     ENA CLR           ; 32                          ;
;     SCLR              ; 23                          ;
;     SCLR SLD          ; 8                           ;
;     plain             ; 56                          ;
; cycloneiii_lcell_comb ; 2199                        ;
;     arith             ; 364                         ;
;         2 data inputs ; 252                         ;
;         3 data inputs ; 112                         ;
;     normal            ; 1835                        ;
;         1 data inputs ; 10                          ;
;         2 data inputs ; 63                          ;
;         3 data inputs ; 163                         ;
;         4 data inputs ; 1599                        ;
;                       ;                             ;
; Max LUT depth         ; 10.00                       ;
; Average LUT depth     ; 6.82                        ;
+-----------------------+-----------------------------+


+-------------------------------+
; Elapsed Time Per Partition    ;
+----------------+--------------+
; Partition Name ; Elapsed Time ;
+----------------+--------------+
; Top            ; 00:00:51     ;
+----------------+--------------+


+-------------------------------+
; Analysis & Synthesis Messages ;
+-------------------------------+
Info: *******************************************************************
Info: Running Quartus Prime Analysis & Synthesis
    Info: Version 17.1.0 Build 590 10/25/2017 SJ Lite Edition
    Info: Processing started: Mon Nov 12 12:45:42 2018
Info: Command: quartus_map --read_settings_files=on --write_settings_files=off VGA -c VGA
Warning (18236): Number of processors has not been specified which may cause overloading on shared machines.  Set the global assignment NUM_PARALLEL_PROCESSORS in your QSF to an appropriate value for best performance.
Info (20030): Parallel compilation is enabled and will use 2 of the 2 processors detected
Info (12021): Found 2 design units, including 1 entities, in source file sincronizador.vhd
    Info (12022): Found design unit 1: Sincronizador-behavioral File: C:/Users/gomri/Documents/UNAM/SéptimoSemestre/DiseñoDigitalVLSI/Juego/VHDL-GameProject/Sincronizador.vhd Line: 17
    Info (12023): Found entity 1: Sincronizador File: C:/Users/gomri/Documents/UNAM/SéptimoSemestre/DiseñoDigitalVLSI/Juego/VHDL-GameProject/Sincronizador.vhd Line: 6
Info (12021): Found 2 design units, including 1 entities, in source file generadorvideo.vhd
    Info (12022): Found design unit 1: GeneradorVideo-behavioral File: C:/Users/gomri/Documents/UNAM/SéptimoSemestre/DiseñoDigitalVLSI/Juego/VHDL-GameProject/GeneradorVideo.vhd Line: 19
    Info (12023): Found entity 1: GeneradorVideo File: C:/Users/gomri/Documents/UNAM/SéptimoSemestre/DiseñoDigitalVLSI/Juego/VHDL-GameProject/GeneradorVideo.vhd Line: 9
Info (12021): Found 1 design units, including 1 entities, in source file vga.bdf
    Info (12023): Found entity 1: VGA
Info (12021): Found 2 design units, including 1 entities, in source file control.vhd
    Info (12022): Found design unit 1: Control-behavioral File: C:/Users/gomri/Documents/UNAM/SéptimoSemestre/DiseñoDigitalVLSI/Juego/VHDL-GameProject/Control.vhd Line: 15
    Info (12023): Found entity 1: Control File: C:/Users/gomri/Documents/UNAM/SéptimoSemestre/DiseñoDigitalVLSI/Juego/VHDL-GameProject/Control.vhd Line: 6
Info (12127): Elaborating entity "VGA" for the top level hierarchy
Info (12128): Elaborating entity "GeneradorVideo" for hierarchy "GeneradorVideo:inst"
Warning (10036): Verilog HDL or VHDL warning at GeneradorVideo.vhd(30): object "aux_x" assigned a value but never read File: C:/Users/gomri/Documents/UNAM/SéptimoSemestre/DiseñoDigitalVLSI/Juego/VHDL-GameProject/GeneradorVideo.vhd Line: 30
Warning (10036): Verilog HDL or VHDL warning at GeneradorVideo.vhd(30): object "aux_y" assigned a value but never read File: C:/Users/gomri/Documents/UNAM/SéptimoSemestre/DiseñoDigitalVLSI/Juego/VHDL-GameProject/GeneradorVideo.vhd Line: 30
Info (10008): Verilog HDL or VHDL information: EDA Netlist Writer cannot regroup multidimensional array "ship" into its bus
Info (12128): Elaborating entity "Sincronizador" for hierarchy "Sincronizador:inst2"
Info (12128): Elaborating entity "Control" for hierarchy "Control:inst3"
Info (286030): Timing-Driven Synthesis is running
Info (16010): Generating hard_block partition "hard_block:auto_generated_inst"
    Info (16011): Adding 0 node(s), including 0 DDIO, 0 PLL, 0 transceiver and 0 LCELL
Info (21057): Implemented 2219 device resources after synthesis - the final resource count might be different
    Info (21058): Implemented 6 input pins
    Info (21059): Implemented 14 output pins
    Info (21061): Implemented 2199 logic cells
Info: Quartus Prime Analysis & Synthesis was successful. 0 errors, 3 warnings
    Info: Peak virtual memory: 4828 megabytes
    Info: Processing ended: Mon Nov 12 12:47:08 2018
    Info: Elapsed time: 00:01:26
    Info: Total CPU time (on all processors): 00:02:03


